<?xml version="1.0" encoding="UTF-8"?>
<!-- Generated by org.testng.reporters.JUnitReportReporter -->
<testsuite hostname="DESKTOP-6EPHJD5" failures="0" tests="1" name="TESTAUTOMATION.Webanabeta.CloseandQuit" time="16.501" errors="0" timestamp="7 Apr 2020 13:46:16 GMT">
  <testcase classname="TESTAUTOMATION.Webanabeta.CloseandQuit" name="set" time="16.501"/>
</testsuite> <!-- TESTAUTOMATION.Webanabeta.CloseandQuit -->
